Determining if the pthread_create exist failed with the following output:
Change Dir: /home/sohayla/CLionProjects/Multi-Threading/ThreadsLab2/cmake-build-debug/CMakeFiles/CMakeTmp

Run Build Command:"/usr/bin/make" "cmTC_0e6df/fast"
/usr/bin/make -f CMakeFiles/cmTC_0e6df.dir/build.make CMakeFiles/cmTC_0e6df.dir/build
make[1]: Entering directory '/home/sohayla/CLionProjects/Multi-Threading/ThreadsLab2/cmake-build-debug/CMakeFiles/CMakeTmp'
Building C object CMakeFiles/cmTC_0e6df.dir/CheckSymbolExists.c.o
/usr/bin/cc    -o CMakeFiles/cmTC_0e6df.dir/CheckSymbolExists.c.o   -c /home/sohayla/CLionProjects/Multi-Threading/ThreadsLab2/cmake-build-debug/CMakeFiles/CMakeTmp/CheckSymbolExists.c
Linking C executable cmTC_0e6df
/home/sohayla/clion-2018.2.4/bin/cmake/linux/bin/cmake -E cmake_link_script CMakeFiles/cmTC_0e6df.dir/link.txt --verbose=1
/usr/bin/cc      CMakeFiles/cmTC_0e6df.dir/CheckSymbolExists.c.o  -o cmTC_0e6df 
CMakeFiles/cmTC_0e6df.dir/CheckSymbolExists.c.o: In function `main':
CheckSymbolExists.c:(.text+0x16): undefined reference to `pthread_create'
collect2: error: ld returned 1 exit status
CMakeFiles/cmTC_0e6df.dir/build.make:86: recipe for target 'cmTC_0e6df' failed
make[1]: *** [cmTC_0e6df] Error 1
make[1]: Leaving directory '/home/sohayla/CLionProjects/Multi-Threading/ThreadsLab2/cmake-build-debug/CMakeFiles/CMakeTmp'
Makefile:121: recipe for target 'cmTC_0e6df/fast' failed
make: *** [cmTC_0e6df/fast] Error 2

File /home/sohayla/CLionProjects/Multi-Threading/ThreadsLab2/cmake-build-debug/CMakeFiles/CMakeTmp/CheckSymbolExists.c:
/* */
#include <pthread.h>

int main(int argc, char** argv)
{
  (void)argv;
#ifndef pthread_create
  return ((int*)(&pthread_create))[argc];
#else
  (void)argc;
  return 0;
#endif
}

Determining if the function pthread_create exists in the pthreads failed with the following output:
Change Dir: /home/sohayla/CLionProjects/Multi-Threading/ThreadsLab2/cmake-build-debug/CMakeFiles/CMakeTmp

Run Build Command:"/usr/bin/make" "cmTC_5069f/fast"
/usr/bin/make -f CMakeFiles/cmTC_5069f.dir/build.make CMakeFiles/cmTC_5069f.dir/build
make[1]: Entering directory '/home/sohayla/CLionProjects/Multi-Threading/ThreadsLab2/cmake-build-debug/CMakeFiles/CMakeTmp'
Building C object CMakeFiles/cmTC_5069f.dir/CheckFunctionExists.c.o
/usr/bin/cc   -DCHECK_FUNCTION_EXISTS=pthread_create   -o CMakeFiles/cmTC_5069f.dir/CheckFunctionExists.c.o   -c /home/sohayla/clion-2018.2.4/bin/cmake/linux/share/cmake-3.12/Modules/CheckFunctionExists.c
Linking C executable cmTC_5069f
/home/sohayla/clion-2018.2.4/bin/cmake/linux/bin/cmake -E cmake_link_script CMakeFiles/cmTC_5069f.dir/link.txt --verbose=1
/usr/bin/cc  -DCHECK_FUNCTION_EXISTS=pthread_create    CMakeFiles/cmTC_5069f.dir/CheckFunctionExists.c.o  -o cmTC_5069f -lpthreads 
/usr/bin/ld: cannot find -lpthreads
collect2: error: ld returned 1 exit status
CMakeFiles/cmTC_5069f.dir/build.make:86: recipe for target 'cmTC_5069f' failed
make[1]: *** [cmTC_5069f] Error 1
make[1]: Leaving directory '/home/sohayla/CLionProjects/Multi-Threading/ThreadsLab2/cmake-build-debug/CMakeFiles/CMakeTmp'
Makefile:121: recipe for target 'cmTC_5069f/fast' failed
make: *** [cmTC_5069f/fast] Error 2


